<?xml version="1.0" encoding="UTF-8"?>
<!-- Generated by org.testng.reporters.JUnitReportReporter -->
<testsuite skipped="0" hostname="BilalHamza-LPT" name="TestCases.VerifyEmailScreen" tests="1" failures="0" timestamp="2021-09-05T23:57:51 PKT" time="27.084" errors="0">
  <testcase name="TC_EmailScreen" time="27.084" classname="TestCases.VerifyEmailScreen"/>
  <system-out/>
</testsuite> <!-- TestCases.VerifyEmailScreen -->
