<?xml version="1.0" encoding="UTF-8"?>
<!-- Generated by org.testng.reporters.JUnitReportReporter -->
<testsuite skipped="0" hostname="QA-sigmas-MacBook-Pro-2.local" name="Android.TestCases.TCLogin" tests="4" failures="0" timestamp="2022-01-11T14:45:09 PKT" time="64.357" errors="0">
  <testcase name="TC_InvalidEmail" time="35.549" classname="Android.TestCases.TCLogin"/>
  <system-out/>
  <testcase name="TC_validEmail" time="7.943" classname="Android.TestCases.TCLogin"/>
  <system-out/>
  <testcase name="TC_InvalidPassword" time="15.326" classname="Android.TestCases.TCLogin"/>
  <system-out/>
  <testcase name="TC_validpassword" time="5.539" classname="Android.TestCases.TCLogin"/>
  <system-out/>
</testsuite> <!-- Android.TestCases.TCLogin -->
