<?xml version="1.0" encoding="UTF-8"?>
<!-- Generated by org.testng.reporters.JUnitReportReporter -->
<testsuite skipped="0" hostname="QA-sigmas-MacBook-Pro-2.local" name="Android.TestCases.TCCommentOnOtherPost" tests="12" failures="0" timestamp="2022-02-02T15:12:17 PKT" time="345.894" errors="0">
  <testcase name="addFeed" time="30.060" classname="Android.TestCases.TCCommentOnOtherPost"/>
  <system-out/>
  <testcase name="logout" time="14.021" classname="Android.TestCases.TCCommentOnOtherPost"/>
  <system-out/>
  <testcase name="signUp" time="134.893" classname="Android.TestCases.TCCommentOnOtherPost"/>
  <system-out/>
  <testcase name="commentOtherPost" time="21.343" classname="Android.TestCases.TCCommentOnOtherPost"/>
  <system-out/>
  <testcase name="createSpamPost" time="15.536" classname="Android.TestCases.TCCommentOnOtherPost"/>
  <system-out/>
  <testcase name="createIDontLikePost" time="15.666" classname="Android.TestCases.TCCommentOnOtherPost"/>
  <system-out/>
  <testcase name="Nudity" time="12.698" classname="Android.TestCases.TCCommentOnOtherPost"/>
  <system-out/>
  <testcase name="hateSpeech" time="12.822" classname="Android.TestCases.TCCommentOnOtherPost"/>
  <system-out/>
  <testcase name="voilence" time="12.892" classname="Android.TestCases.TCCommentOnOtherPost"/>
  <system-out/>
  <testcase name="haraasment" time="21.680" classname="Android.TestCases.TCCommentOnOtherPost"/>
  <system-out/>
  <testcase name="report" time="10.477" classname="Android.TestCases.TCCommentOnOtherPost"/>
  <system-out/>
  <testcase name="blocked" time="43.806" classname="Android.TestCases.TCCommentOnOtherPost"/>
  <system-out/>
</testsuite> <!-- Android.TestCases.TCCommentOnOtherPost -->
