<?xml version="1.0" encoding="UTF-8"?>
<!-- Generated by org.testng.reporters.JUnitReportReporter -->
<testsuite skipped="0" hostname="QA-sigmas-MacBook-Pro.local" name="Android.TestCases.EditFeedDetailScreen" tests="1" failures="0" timestamp="2021-10-28T18:18:11 PKT" time="35.068" errors="0">
  <testcase name="editAddFeed" time="35.068" classname="Android.TestCases.EditFeedDetailScreen"/>
  <system-out/>
</testsuite> <!-- Android.TestCases.EditFeedDetailScreen -->
