<?xml version="1.0" encoding="UTF-8"?>
<!-- Generated by org.testng.reporters.JUnitReportReporter -->
<testsuite hostname="Asaduallah-Lptp" failures="0" tests="8" name="Android.TestCases.TCSignUp" time="118.503" errors="0" timestamp="2022-07-22T18:14:42 PKT" skipped="0">
  <testcase classname="Android.TestCases.TCSignUp" name="newEmail" time="11.943"/>
  <system-out/>
  <testcase classname="Android.TestCases.TCSignUp" name="firstName" time="5.243"/>
  <system-out/>
  <testcase classname="Android.TestCases.TCSignUp" name="lastName" time="3.457"/>
  <system-out/>
  <testcase classname="Android.TestCases.TCSignUp" name="enterpPassword" time="4.770"/>
  <system-out/>
  <testcase classname="Android.TestCases.TCSignUp" name="enterPhone" time="11.276"/>
  <system-out/>
  <testcase classname="Android.TestCases.TCSignUp" name="enterVerificationCode" time="64.429"/>
  <system-out/>
  <testcase classname="Android.TestCases.TCSignUp" name="btnLocation" time="5.304"/>
  <system-out/>
  <testcase classname="Android.TestCases.TCSignUp" name="selectLocation" time="12.081"/>
  <system-out/>
</testsuite> <!-- Android.TestCases.TCSignUp -->
