<?xml version="1.0" encoding="UTF-8"?>
<!-- Generated by org.testng.reporters.JUnitReportReporter -->
<testsuite hostname="Asaduallah-Lptp" failures="0" tests="4" name="Android.TestCases.TCLogin" time="62.508" errors="0" timestamp="2022-07-22T18:14:42 PKT" skipped="0">
  <testcase classname="Android.TestCases.TCLogin" name="TC_Invalid_Email" time="36.422"/>
  <system-out/>
  <testcase classname="Android.TestCases.TCLogin" name="TC_valid_Email" time="7.628"/>
  <system-out/>
  <testcase classname="Android.TestCases.TCLogin" name="TC_Invalid_Password" time="13.495"/>
  <system-out/>
  <testcase classname="Android.TestCases.TCLogin" name="TC_valid_password" time="4.963"/>
  <system-out/>
</testsuite> <!-- Android.TestCases.TCLogin -->
