<?xml version="1.0" encoding="UTF-8"?>
<!-- Generated by org.testng.reporters.JUnitReportReporter -->
<testsuite hostname="Asaduallah-Lptp" failures="0" tests="10" name="Android.TestCases.TCLogin" time="88.163" errors="0" timestamp="2022-07-26T17:36:23 PKT" skipped="0">
  <testcase classname="Android.TestCases.TCLogin" name="Verify_content" time="8.338"/>
  <system-out/>
  <testcase classname="Android.TestCases.TCLogin" name="Dis_Cont_Btn" time="4.482"/>
  <system-out/>
  <testcase classname="Android.TestCases.TCLogin" name="Dis_Cont_Btn_BlankSpace" time="9.413"/>
  <system-out/>
  <testcase classname="Android.TestCases.TCLogin" name="Verify_Invalid_Email" time="7.322"/>
  <system-out/>
  <testcase classname="Android.TestCases.TCLogin" name="Verify_Special_Characters" time="7.599"/>
  <system-out/>
  <testcase classname="Android.TestCases.TCLogin" name="Tap_Cont_Btn_Display_WlcmBack_Signin_screen" time="9.905"/>
  <system-out/>
  <testcase classname="Android.TestCases.TCLogin" name="Verify_Tap_Back_Btn" time="5.057"/>
  <system-out/>
  <testcase classname="Android.TestCases.TCLogin" name="Verify_Invalid_Password" time="9.240"/>
  <system-out/>
  <testcase classname="Android.TestCases.TCLogin" name="Verify_required_Error_Password" time="7.522"/>
  <system-out/>
  <testcase classname="Android.TestCases.TCLogin" name="Verify_Tap_Signin_Btn" time="19.285"/>
  <system-out/>
</testsuite> <!-- Android.TestCases.TCLogin -->
