<?xml version="1.0" encoding="UTF-8"?>
<!-- Generated by org.testng.reporters.JUnitReportReporter -->
<testsuite hostname="Asaduallah-Lptp" failures="0" tests="1" name="Android.TestCases.TCFeed" time="79.436" errors="0" timestamp="2022-07-27T15:57:08 PKT" skipped="0">
  <testcase classname="Android.TestCases.TCFeed" name="Verify_Content" time="79.436"/>
  <system-out/>
</testsuite> <!-- Android.TestCases.TCFeed -->
